[2025-07-09 13:43:40] Received request: {"tipo":"cinema","numero_cliente":"123456","contacto":"933605025","observacoes":""}
[2025-07-09 13:43:48] Received request: {"tipo":"cinema","numero_cliente":"123456","contacto":"933605025","observacoes":""}
[2025-07-09 13:45:12] === New Request ===
[2025-07-09 13:45:12] POST data: Array
(
)

[2025-07-09 13:45:12] Raw input: {"tipo":"tvnetvoz","numero_cliente":"123456","contacto":"933605025","observacoes":""}
[2025-07-09 13:45:12] Session data: Array
(
    [utilizador_id] => 1
    [utilizador_email] => colaborador@tlantic.pt
    [utilizador_nome] => Usuário de Teste
    [nome] => Usuário de Teste
    [id_perfilacesso] => 4
    [perfil_nome] => Colaborador
)

[2025-07-09 13:45:12] Authentication error: Usuário não está autenticado
[2025-07-09 13:46:55] === New Request ===
[2025-07-09 13:46:55] POST data: Array
(
)

[2025-07-09 13:46:55] Raw input: {"tipo":"tvnetvoz","numero_cliente":"123456","contacto":"933605025","observacoes":""}
[2025-07-09 13:46:55] Session data: Array
(
    [utilizador_id] => 1
    [utilizador_email] => colaborador@tlantic.pt
    [utilizador_nome] => Usuário de Teste
    [nome] => Usuário de Teste
    [id_perfilacesso] => 4
    [perfil_nome] => Colaborador
)

[2025-07-09 13:46:55] User ID from session: 1
[2025-07-09 13:47:01] === New Request ===
[2025-07-09 13:47:01] POST data: Array
(
)

[2025-07-09 13:47:01] Raw input: {"tipo":"tvnetvoz","numero_cliente":"123456","contacto":"933605025","observacoes":""}
[2025-07-09 13:47:01] Session data: Array
(
    [utilizador_id] => 1
    [utilizador_email] => colaborador@tlantic.pt
    [utilizador_nome] => Usuário de Teste
    [nome] => Usuário de Teste
    [id_perfilacesso] => 4
    [perfil_nome] => Colaborador
)

[2025-07-09 13:47:01] User ID from session: 1
