[2025-07-05 16:57:32] === INÍCIO DO PROCESSAMENTO DO LOGIN ===
[2025-07-05 16:57:32] Dados recebidos: Array
(
    [email] => rh@tlantic.pt
    [senha] => 123456
)

[2025-07-05 16:57:32] Tentando autenticar usuário: rh@tlantic.pt
[2025-07-05 16:57:32] Resultado da autenticação: Array
(
    [id_utilizador] => 1
    [email] => rh@tlantic.pt
    [username] => Usuário de Teste
    [id_perfil_acesso] => 2
    [perfil] => Recursos Humanos
)

[2025-07-05 16:57:32] ID do perfil do usuário: 2
[2025-07-05 16:57:32] Nome do perfil: Recursos Humanos
[2025-07-05 16:57:32] URL de redirecionamento gerada: /LSIS-Equipa-9/UI/recursos_humanos/dashboard.php
[2025-07-05 16:57:32] Redirecionando para: http://localhost/LSIS-Equipa-9/UI/recursos_humanos/dashboard.php
[2025-07-07 12:14:44] === INÍCIO DO PROCESSAMENTO DO LOGIN ===
[2025-07-07 12:14:44] Dados recebidos: Array
(
    [email] => coordenador@tlantic.pt
    [senha] => 123456
)

[2025-07-07 12:14:44] Tentando autenticar usuário: coordenador@tlantic.pt
[2025-07-07 12:14:44] Resultado da autenticação: Array
(
    [id_utilizador] => 1
    [email] => coordenador@tlantic.pt
    [username] => Usuário de Teste
    [id_perfil_acesso] => 3
    [perfil] => Coordenador
)

[2025-07-07 12:14:44] ID do perfil do usuário: 3
[2025-07-07 12:14:44] Nome do perfil: Coordenador
[2025-07-07 12:14:44] URL de redirecionamento gerada: /LSIS-Equipa-9/UI/dashboard.php
[2025-07-07 12:14:44] Redirecionando para: http://localhost/LSIS-Equipa-9/UI/dashboard.php
[2025-07-07 12:14:54] === INÍCIO DO PROCESSAMENTO DO LOGIN ===
[2025-07-07 12:14:54] Dados recebidos: Array
(
    [email] => coordenador@tlantic.pt
    [senha] => 123456
)

[2025-07-07 12:14:54] Tentando autenticar usuário: coordenador@tlantic.pt
[2025-07-07 12:14:54] Resultado da autenticação: Array
(
    [id_utilizador] => 1
    [email] => coordenador@tlantic.pt
    [username] => Usuário de Teste
    [id_perfil_acesso] => 3
    [perfil] => Coordenador
)

[2025-07-07 12:14:54] ID do perfil do usuário: 3
[2025-07-07 12:14:54] Nome do perfil: Coordenador
[2025-07-07 12:14:54] URL de redirecionamento gerada: /LSIS-Equipa-9/UI/dashboard.php
[2025-07-07 12:14:54] Redirecionando para: http://localhost/LSIS-Equipa-9/UI/dashboard.php
[2025-07-07 12:16:57] === INÍCIO DO PROCESSAMENTO DO LOGIN ===
[2025-07-07 12:16:57] Dados recebidos: Array
(
    [email] => coordenador@tlantic.pt
    [senha] => 123456
)

[2025-07-07 12:16:57] Tentando autenticar usuário: coordenador@tlantic.pt
[2025-07-07 12:16:57] Resultado da autenticação: Array
(
    [id_utilizador] => 1
    [email] => coordenador@tlantic.pt
    [username] => Usuário de Teste
    [id_perfil_acesso] => 3
    [perfil] => Coordenador
)

[2025-07-07 12:16:57] ID do perfil do usuário: 3
[2025-07-07 12:16:57] Nome do perfil: Coordenador
[2025-07-07 12:16:57] URL de redirecionamento gerada: /LSIS-Equipa-9/UI/coordenador/index.php
[2025-07-07 12:16:57] Redirecionando para: http://localhost/LSIS-Equipa-9/UI/coordenador/index.php
[2025-07-07 12:17:12] === INÍCIO DO PROCESSAMENTO DO LOGIN ===
[2025-07-07 12:17:12] Dados recebidos: Array
(
    [email] => rh@tlantic.pt
    [senha] => 123456
)

[2025-07-07 12:17:12] Tentando autenticar usuário: rh@tlantic.pt
[2025-07-07 12:17:12] Resultado da autenticação: Array
(
    [id_utilizador] => 1
    [email] => rh@tlantic.pt
    [username] => Usuário de Teste
    [id_perfil_acesso] => 2
    [perfil] => Recursos Humanos
)

[2025-07-07 12:17:12] ID do perfil do usuário: 2
[2025-07-07 12:17:12] Nome do perfil: Recursos Humanos
[2025-07-07 12:17:12] URL de redirecionamento gerada: /LSIS-Equipa-9/UI/recursos_humanos/dashboard.php
[2025-07-07 12:17:12] Redirecionando para: http://localhost/LSIS-Equipa-9/UI/recursos_humanos/dashboard.php
[2025-07-07 12:17:24] === INÍCIO DO PROCESSAMENTO DO LOGIN ===
[2025-07-07 12:17:24] Dados recebidos: Array
(
    [email] => coordenador@tlantic.pt
    [senha] => 123456
)

[2025-07-07 12:17:24] Tentando autenticar usuário: coordenador@tlantic.pt
[2025-07-07 12:17:24] Resultado da autenticação: Array
(
    [id_utilizador] => 1
    [email] => coordenador@tlantic.pt
    [username] => Usuário de Teste
    [id_perfil_acesso] => 3
    [perfil] => Coordenador
)

[2025-07-07 12:17:24] ID do perfil do usuário: 3
[2025-07-07 12:17:24] Nome do perfil: Coordenador
[2025-07-07 12:17:24] URL de redirecionamento gerada: /LSIS-Equipa-9/UI/coordenador/index.php
[2025-07-07 12:17:24] Redirecionando para: http://localhost/LSIS-Equipa-9/UI/coordenador/index.php
